ISim log file
Running: F:\lab7_og\tb4_isim_beh.exe -intstyle ise -gui -tclbatch isim.cmd -wdb F:/lab7_og/tb4_isim_beh.wdb 
ISim P.49d (signature 0x7708f090)
----------------------------------------------------------------------
INFO:Security:50 - The XILINXD_LICENSE_FILE environment variable is set to '2100@ece-lmxilinx.oit.umn.edu'.
INFO:Security:52 - The LM_LICENSE_FILE environment variable is set to '1711@swlicense.ad.umn.edu;C:\Modeltech_xe_starter\win32xoem\license.dat;27001@dilbert.cselabs.umn.edu;it3-keysrv.cselabs.umn.edu:27001;27002@ece-forms.ad.umn.edu:27000@ansoft.cselabs.umn.edu:27001@labview.cselabs.umn.edu;2100@ece-lmxilinx.ad.umn.edu'.
WARNING:Security:43 - No license file was found in the standard Xilinx license directory.
WARNING:Security:44 - Since no license file was found,
       please run the Xilinx License Configuration Manager
       (xlcm or "Manage Xilinx Licenses")
       to assist in obtaining a license.
WARNING:Security:42 - Your software subscription period has lapsed. Your current version of Xilinx tools will continue to function, but you no longer qualify for Xilinx software updates or new releases.


----------------------------------------------------------------------
This is a Full version of ISim.
Time resolution is 1 ps
# onerror resume
# wave add /
# run 1000 ns
Simulator is doing circuit initialization process.
Finished circuit initialization process.
# run 1.00us
good seed c =   1$
# run 1.00us
good seed c =   2$
