--------------------------------------------------------------------------------
Release 13.2 Trace  (nt64)
Copyright (c) 1995-2011 Xilinx, Inc.  All rights reserved.

C:\Xilinx\13.2\ISE_DS\ISE\bin\nt64\unwrapped\trce.exe -intstyle ise -v 3 -s 4
-n 3 -fastpaths -xml fourbit_addsub.twx fourbit_addsub.ncd -o
fourbit_addsub.twr fourbit_addsub.pcf -ucf constrain.ucf

Design file:              fourbit_addsub.ncd
Physical constraint file: fourbit_addsub.pcf
Device,package,speed:     xc3s100e,cp132,-4 (PRODUCTION 1.27 2011-06-20)
Report level:             verbose report

Environment Variable      Effect 
--------------------      ------ 
NONE                      No environment variables were set
--------------------------------------------------------------------------------

INFO:Timing:2698 - No timing constraints found, doing default enumeration.
INFO:Timing:2752 - To get complete path coverage, use the unconstrained paths 
   option. All paths that are not constrained will be reported in the 
   unconstrained paths section(s) of the report.
INFO:Timing:3339 - The clock-to-out numbers in this timing report are based on 
   a 50 Ohm transmission line loading model.  For the details of this model, 
   and for more information on accounting for different loading conditions, 
   please see the device datasheet.
INFO:Timing:3390 - This architecture does not support a default System Jitter 
   value, please add SYSTEM_JITTER constraint to the UCF to modify the Clock 
   Uncertainty calculation.
INFO:Timing:3389 - This architecture does not support 'Discrete Jitter' and 
   'Phase Error' calculations, these terms will be zero in the Clock 
   Uncertainty calculation.  Please make appropriate modification to 
   SYSTEM_JITTER to account for the unsupported Discrete Jitter and Phase 
   Error.



Data Sheet report:
-----------------
All values displayed in nanoseconds (ns)

Pad to Pad
---------------+---------------+---------+
Source Pad     |Destination Pad|  Delay  |
---------------+---------------+---------+
a<0>           |cout           |   11.395|
a<0>           |s<0>           |    6.927|
a<0>           |s<1>           |    9.493|
a<0>           |s<2>           |   10.760|
a<0>           |s<3>           |   10.993|
a<1>           |cout           |   10.564|
a<1>           |s<1>           |    7.921|
a<1>           |s<2>           |    9.929|
a<1>           |s<3>           |   10.162|
a<2>           |cout           |    9.362|
a<2>           |s<2>           |    8.141|
a<2>           |s<3>           |    8.960|
a<3>           |cout           |    7.835|
a<3>           |s<3>           |    7.835|
b<0>           |cout           |   10.884|
b<0>           |s<0>           |    7.631|
b<0>           |s<1>           |    8.982|
b<0>           |s<2>           |   10.249|
b<0>           |s<3>           |   10.482|
b<1>           |cout           |   10.699|
b<1>           |s<1>           |    8.384|
b<1>           |s<2>           |   10.064|
b<1>           |s<3>           |   10.297|
b<2>           |cout           |    8.849|
b<2>           |s<2>           |    8.545|
b<2>           |s<3>           |    8.447|
b<3>           |cout           |    7.781|
b<3>           |s<3>           |    8.360|
sub            |cout           |   11.659|
sub            |s<1>           |    9.757|
sub            |s<2>           |   11.024|
sub            |s<3>           |   11.257|
---------------+---------------+---------+


Analysis completed Fri Sep 25 14:47:45 2015 
--------------------------------------------------------------------------------

Trace Settings:
-------------------------
Trace Settings 

Peak Memory Usage: 134 MB



