This is pdfTeX, Version 3.1415926-2.5-1.40.14 (TeX Live 2013/Debian) (format=pdflatex 2015.10.6)  13 DEC 2016 17:04
entering extended mode
 restricted \write18 enabled.
 %&-line parsing enabled.
**bare_conf.tex
(./bare_conf.tex
LaTeX2e <2011/06/27>
Babel <3.9h> and hyphenation patterns for 78 languages loaded.
(/usr/share/texlive/texmf-dist/tex/latex/IEEEtran/IEEEtran.cls
Document Class: IEEEtran 2012/12/27 V1.8 by Michael Shell
-- See the "IEEEtran_HOWTO" manual for usage information.
-- http://www.michaelshell.org/tex/ieeetran/
\@IEEEtrantmpdimenA=\dimen102
\@IEEEtrantmpdimenB=\dimen103
\@IEEEtrantmpcountA=\count79
\@IEEEtrantmpcountB=\count80
\@IEEEtrantmptoksA=\toks14
LaTeX Font Info:    Try loading font information for OT1+ptm on input line 368.

(/usr/share/texlive/texmf-dist/tex/latex/psnfss/ot1ptm.fd
File: ot1ptm.fd 2001/06/04 font definitions for OT1/ptm.
)
-- Using 8.5in x 11in (letter) paper.
-- Using PDF output.
\@IEEEnormalsizeunitybaselineskip=\dimen104
-- This is a 10 point document.
\CLASSINFOnormalsizebaselineskip=\dimen105
\CLASSINFOnormalsizeunitybaselineskip=\dimen106
\IEEEnormaljot=\dimen107
LaTeX Font Info:    Font shape `OT1/ptm/bx/n' in size <5> not available
(Font)              Font shape `OT1/ptm/b/n' tried instead on input line 726.
LaTeX Font Info:    Font shape `OT1/ptm/bx/it' in size <5> not available
(Font)              Font shape `OT1/ptm/b/it' tried instead on input line 726.
LaTeX Font Info:    Font shape `OT1/ptm/bx/n' in size <7> not available
(Font)              Font shape `OT1/ptm/b/n' tried instead on input line 726.
LaTeX Font Info:    Font shape `OT1/ptm/bx/it' in size <7> not available
(Font)              Font shape `OT1/ptm/b/it' tried instead on input line 726.
LaTeX Font Info:    Font shape `OT1/ptm/bx/n' in size <8> not available
(Font)              Font shape `OT1/ptm/b/n' tried instead on input line 726.
LaTeX Font Info:    Font shape `OT1/ptm/bx/it' in size <8> not available
(Font)              Font shape `OT1/ptm/b/it' tried instead on input line 726.
LaTeX Font Info:    Font shape `OT1/ptm/bx/n' in size <9> not available
(Font)              Font shape `OT1/ptm/b/n' tried instead on input line 726.
LaTeX Font Info:    Font shape `OT1/ptm/bx/it' in size <9> not available
(Font)              Font shape `OT1/ptm/b/it' tried instead on input line 726.
LaTeX Font Info:    Font shape `OT1/ptm/bx/n' in size <10> not available
(Font)              Font shape `OT1/ptm/b/n' tried instead on input line 726.
LaTeX Font Info:    Font shape `OT1/ptm/bx/it' in size <10> not available
(Font)              Font shape `OT1/ptm/b/it' tried instead on input line 726.
LaTeX Font Info:    Font shape `OT1/ptm/bx/n' in size <11> not available
(Font)              Font shape `OT1/ptm/b/n' tried instead on input line 726.
LaTeX Font Info:    Font shape `OT1/ptm/bx/it' in size <11> not available
(Font)              Font shape `OT1/ptm/b/it' tried instead on input line 726.
LaTeX Font Info:    Font shape `OT1/ptm/bx/n' in size <12> not available
(Font)              Font shape `OT1/ptm/b/n' tried instead on input line 726.
LaTeX Font Info:    Font shape `OT1/ptm/bx/it' in size <12> not available
(Font)              Font shape `OT1/ptm/b/it' tried instead on input line 726.
LaTeX Font Info:    Font shape `OT1/ptm/bx/n' in size <17> not available
(Font)              Font shape `OT1/ptm/b/n' tried instead on input line 726.
LaTeX Font Info:    Font shape `OT1/ptm/bx/it' in size <17> not available
(Font)              Font shape `OT1/ptm/b/it' tried instead on input line 726.
LaTeX Font Info:    Font shape `OT1/ptm/bx/n' in size <20> not available
(Font)              Font shape `OT1/ptm/b/n' tried instead on input line 726.
LaTeX Font Info:    Font shape `OT1/ptm/bx/it' in size <20> not available
(Font)              Font shape `OT1/ptm/b/it' tried instead on input line 726.
LaTeX Font Info:    Font shape `OT1/ptm/bx/n' in size <24> not available
(Font)              Font shape `OT1/ptm/b/n' tried instead on input line 726.
LaTeX Font Info:    Font shape `OT1/ptm/bx/it' in size <24> not available
(Font)              Font shape `OT1/ptm/b/it' tried instead on input line 726.
\IEEEilabelindentA=\dimen108
\IEEEilabelindentB=\dimen109
\IEEEilabelindent=\dimen110
\IEEEelabelindent=\dimen111
\IEEEdlabelindent=\dimen112
\IEEElabelindent=\dimen113
\IEEEiednormlabelsep=\dimen114
\IEEEiedmathlabelsep=\dimen115
\IEEEiedtopsep=\skip41
\c@section=\count81
\c@subsection=\count82
\c@subsubsection=\count83
\c@paragraph=\count84
\c@IEEEsubequation=\count85
\abovecaptionskip=\skip42
\belowcaptionskip=\skip43
\c@figure=\count86
\c@table=\count87
\@IEEEeqnnumcols=\count88
\@IEEEeqncolcnt=\count89
\@IEEEsubeqnnumrollback=\count90
\@IEEEtmpitemindent=\dimen116
\c@IEEEbiography=\count91
\@IEEEtranrubishbin=\box26
) (/usr/share/texlive/texmf-dist/tex/latex/placeins/placeins.sty
Package: placeins 2005/04/18  v 2.2
)
(/usr/share/texlive/texmf-dist/tex/latex/graphics/graphicx.sty
Package: graphicx 1999/02/16 v1.0f Enhanced LaTeX Graphics (DPC,SPQR)

(/usr/share/texlive/texmf-dist/tex/latex/graphics/keyval.sty
Package: keyval 1999/03/16 v1.13 key=value parser (DPC)
\KV@toks@=\toks15
)
(/usr/share/texlive/texmf-dist/tex/latex/graphics/graphics.sty
Package: graphics 2009/02/05 v1.0o Standard LaTeX Graphics (DPC,SPQR)

(/usr/share/texlive/texmf-dist/tex/latex/graphics/trig.sty
Package: trig 1999/03/16 v1.09 sin cos tan (DPC)
)
(/usr/share/texlive/texmf-dist/tex/latex/latexconfig/graphics.cfg
File: graphics.cfg 2010/04/23 v1.9 graphics configuration of TeX Live
)
Package graphics Info: Driver file: pdftex.def on input line 91.

(/usr/share/texlive/texmf-dist/tex/latex/pdftex-def/pdftex.def
File: pdftex.def 2011/05/27 v0.06d Graphics/color for pdfTeX

(/usr/share/texlive/texmf-dist/tex/generic/oberdiek/infwarerr.sty
Package: infwarerr 2010/04/08 v1.3 Providing info/warning/error messages (HO)
)
(/usr/share/texlive/texmf-dist/tex/generic/oberdiek/ltxcmds.sty
Package: ltxcmds 2011/11/09 v1.22 LaTeX kernel commands for general use (HO)
)
\Gread@gobject=\count92
))
\Gin@req@height=\dimen117
\Gin@req@width=\dimen118
)
(./bare_conf.aux

LaTeX Warning: Label `folded' multiply defined.


LaTeX Warning: Label `folded' multiply defined.


LaTeX Warning: Label `folded' multiply defined.


LaTeX Warning: Label `folded' multiply defined.


LaTeX Warning: Label `folded' multiply defined.


LaTeX Warning: Label `folded' multiply defined.


LaTeX Warning: Label `folded' multiply defined.


LaTeX Warning: Label `folded' multiply defined.


LaTeX Warning: Label `folded' multiply defined.


LaTeX Warning: Label `folded' multiply defined.


LaTeX Warning: Label `folded' multiply defined.


LaTeX Warning: Label `folded' multiply defined.


LaTeX Warning: Label `folded' multiply defined.


LaTeX Warning: Label `folded' multiply defined.

)
\openout1 = `bare_conf.aux'.

LaTeX Font Info:    Checking defaults for OML/cmm/m/it on input line 317.
LaTeX Font Info:    ... okay on input line 317.
LaTeX Font Info:    Checking defaults for T1/cmr/m/n on input line 317.
LaTeX Font Info:    ... okay on input line 317.
LaTeX Font Info:    Checking defaults for OT1/cmr/m/n on input line 317.
LaTeX Font Info:    ... okay on input line 317.
LaTeX Font Info:    Checking defaults for OMS/cmsy/m/n on input line 317.
LaTeX Font Info:    ... okay on input line 317.
LaTeX Font Info:    Checking defaults for OMX/cmex/m/n on input line 317.
LaTeX Font Info:    ... okay on input line 317.
LaTeX Font Info:    Checking defaults for U/cmr/m/n on input line 317.
LaTeX Font Info:    ... okay on input line 317.
 (/usr/share/texlive/texmf-dist/tex/context/base/supp-pdf.mkii
[Loading MPS to PDF converter (version 2006.09.02).]
\scratchcounter=\count93
\scratchdimen=\dimen119
\scratchbox=\box27
\nofMPsegments=\count94
\nofMParguments=\count95
\everyMPshowfont=\toks16
\MPscratchCnt=\count96
\MPscratchDim=\dimen120
\MPnumerator=\count97
\makeMPintoPDFobject=\count98
\everyMPtoPDFconversion=\toks17
) (/usr/share/texlive/texmf-dist/tex/generic/oberdiek/pdftexcmds.sty
Package: pdftexcmds 2011/11/29 v0.20 Utility functions of pdfTeX for LuaTeX (HO
)

(/usr/share/texlive/texmf-dist/tex/generic/oberdiek/ifluatex.sty
Package: ifluatex 2010/03/01 v1.3 Provides the ifluatex switch (HO)
Package ifluatex Info: LuaTeX not detected.
)
(/usr/share/texlive/texmf-dist/tex/generic/oberdiek/ifpdf.sty
Package: ifpdf 2011/01/30 v2.3 Provides the ifpdf switch (HO)
Package ifpdf Info: pdfTeX in PDF mode is detected.
)
Package pdftexcmds Info: LuaTeX not detected.
Package pdftexcmds Info: \pdf@primitive is available.
Package pdftexcmds Info: \pdf@ifprimitive is available.
Package pdftexcmds Info: \pdfdraftmode found.
)
(/usr/share/texlive/texmf-dist/tex/latex/oberdiek/epstopdf-base.sty
Package: epstopdf-base 2010/02/09 v2.5 Base part for package epstopdf

(/usr/share/texlive/texmf-dist/tex/latex/oberdiek/grfext.sty
Package: grfext 2010/08/19 v1.1 Manage graphics extensions (HO)

(/usr/share/texlive/texmf-dist/tex/generic/oberdiek/kvdefinekeys.sty
Package: kvdefinekeys 2011/04/07 v1.3 Define keys (HO)
))
(/usr/share/texlive/texmf-dist/tex/latex/oberdiek/kvoptions.sty
Package: kvoptions 2011/06/30 v3.11 Key value format for package options (HO)

(/usr/share/texlive/texmf-dist/tex/generic/oberdiek/kvsetkeys.sty
Package: kvsetkeys 2012/04/25 v1.16 Key value parser (HO)

(/usr/share/texlive/texmf-dist/tex/generic/oberdiek/etexcmds.sty
Package: etexcmds 2011/02/16 v1.5 Avoid name clashes with e-TeX commands (HO)
Package etexcmds Info: Could not find \expanded.
(etexcmds)             That can mean that you are not using pdfTeX 1.50 or
(etexcmds)             that some package has redefined \expanded.
(etexcmds)             In the latter case, load this package earlier.
)))
Package grfext Info: Graphics extension search list:
(grfext)             [.png,.pdf,.jpg,.mps,.jpeg,.jbig2,.jb2,.PNG,.PDF,.JPG,.JPE
G,.JBIG2,.JB2,.eps]
(grfext)             \AppendGraphicsExtensions on input line 452.

(/usr/share/texlive/texmf-dist/tex/latex/latexconfig/epstopdf-sys.cfg
File: epstopdf-sys.cfg 2010/07/13 v1.3 Configuration of (r)epstopdf for TeX Liv
e
))
<cir.png, id=1, 1086.0575pt x 715.67375pt>
File: cir.png Graphic file (type png)
 <use cir.png>
Package pdftex.def Info: cir.png used on input line 405.
(pdftex.def)             Requested size: 258.0pt x 170.00703pt.

Overfull \hbox (6.0pt too wide) in paragraph at lines 405--406
[][] 
 []

LaTeX Font Info:    External font `cmex10' loaded for size
(Font)              <7> on input line 414.
LaTeX Font Info:    External font `cmex10' loaded for size
(Font)              <5> on input line 414.

Overfull \hbox (21.07982pt too wide) in paragraph at lines 414--429
 [][] 
 []

[1{/var/lib/texmf/fonts/map/pdftex/updmap/pdftex.map}


 <./cir.png>]
<hierchial_op.png, id=10, 727.21687pt x 509.65407pt>
File: hierchial_op.png Graphic file (type png)
 <use hierchial_op.png>
Package pdftex.def Info: hierchial_op.png used on input line 439.
(pdftex.def)             Requested size: 258.0pt x 180.81569pt.

Overfull \hbox (6.0pt too wide) in paragraph at lines 439--440
 [][] 
 []

<nfb.png, id=12, 521.69907pt x 307.1475pt>
File: nfb.png Graphic file (type png)
 <use nfb.png>
Package pdftex.def Info: nfb.png used on input line 449.
(pdftex.def)             Requested size: 258.0pt x 151.89552pt.

Overfull \hbox (6.0pt too wide) in paragraph at lines 449--450
 [][] 
 []

<pfb.png, id=13, 522.45187pt x 358.33875pt>
File: pfb.png Graphic file (type png)
 <use pfb.png>
Package pdftex.def Info: pfb.png used on input line 459.
(pdftex.def)             Requested size: 258.0pt x 176.95993pt.

Overfull \hbox (6.0pt too wide) in paragraph at lines 459--460
 [][] 
 []

[2 <./hierchial_op.png> <./nfb.png>]
<refs.png, id=22, 331.99031pt x 394.47375pt>
File: refs.png Graphic file (type png)
 <use refs.png>
Package pdftex.def Info: refs.png used on input line 469.
(pdftex.def)             Requested size: 258.0pt x 306.57474pt.

Overfull \hbox (6.0pt too wide) in paragraph at lines 469--470
 [][] 
 []

<reference.png, id=23, 614.295pt x 572.1375pt>
File: reference.png Graphic file (type png)
 <use reference.png>
Package pdftex.def Info: reference.png used on input line 479.
(pdftex.def)             Requested size: 258.0pt x 240.2961pt.

Overfull \hbox (6.0pt too wide) in paragraph at lines 479--480
 [][] 
 []

[3 <./pfb.png> <./refs.png>] <cmifb.png, id=29, 521.69907pt x 328.97906pt>
File: cmifb.png Graphic file (type png)

<use cmifb.png>
Package pdftex.def Info: cmifb.png used on input line 489.
(pdftex.def)             Requested size: 258.0pt x 162.69203pt.

Overfull \hbox (6.0pt too wide) in paragraph at lines 489--490
 [][] 
 []

<full_gain_grid.png, id=30, 487.8225pt x 365.365pt>
File: full_gain_grid.png Graphic file (type png)
 <use full_gain_grid.png>
Package pdftex.def Info: full_gain_grid.png used on input line 499.
(pdftex.def)             Requested size: 258.0pt x 193.23555pt.

Overfull \hbox (6.0pt too wide) in paragraph at lines 499--500
 [][] 
 []

<gbw_pm.png, id=31, 556.0775pt x 451.6875pt>
File: gbw_pm.png Graphic file (type png)
 <use gbw_pm.png>
Package pdftex.def Info: gbw_pm.png used on input line 508.
(pdftex.def)             Requested size: 258.0pt x 209.57072pt.

Overfull \hbox (6.0pt too wide) in paragraph at lines 508--509
 [][] 
 []


Underfull \vbox (badness 10000) has occurred while \output is active []

 [4 <./reference.png> <./cmifb.png> <./full_gain_grid.png> <./gbw_pm.png>]
<op_amp_layout.png, id=36, 1038.88126pt x 892.83563pt>
File: op_amp_layout.png Graphic file (type png)
 <use op_amp_layout.png>
Package pdftex.def Info: op_amp_layout.png used on input line 521.
(pdftex.def)             Requested size: 258.0pt x 221.72339pt.

Overfull \hbox (6.0pt too wide) in paragraph at lines 521--522
 [][] 
 []

<sc_circuit.png, id=37, 596.98032pt x 495.35063pt>
File: sc_circuit.png Graphic file (type png)
 <use sc_circuit.png>
Package pdftex.def Info: sc_circuit.png used on input line 533.
(pdftex.def)             Requested size: 258.0pt x 214.07747pt.

Overfull \hbox (6.0pt too wide) in paragraph at lines 533--534
 [][] 
 []

<xxx.png, id=38, 798.985pt x 318.18875pt>
File: xxx.png Graphic file (type png)
 <use xxx.png>
Package pdftex.def Info: xxx.png used on input line 542.
(pdftex.def)             Requested size: 258.0pt x 102.74495pt.

Overfull \hbox (6.0pt too wide) in paragraph at lines 542--543
 [][] 
 []

<non_overlap.png, id=39, 489.83pt x 369.38pt>
File: non_overlap.png Graphic file (type png)
 <use non_overlap.png>
Package pdftex.def Info: non_overlap.png used on input line 552.
(pdftex.def)             Requested size: 258.0pt x 194.55865pt.

Overfull \hbox (6.0pt too wide) in paragraph at lines 552--553
 [][] 
 []

[5 <./op_amp_layout.png> <./sc_circuit.png> <./xxx.png>]
<sc_layout.png, id=46, 1785.67125pt x 882.29625pt>
File: sc_layout.png Graphic file (type png)
 <use sc_layout.png>
Package pdftex.def Info: sc_layout.png used on input line 564.
(pdftex.def)             Requested size: 258.0pt x 127.46521pt.

Overfull \hbox (6.0pt too wide) in paragraph at lines 564--565
 [][] 
 []

<fgh.png, id=47, 574.145pt x 524.96124pt>
File: fgh.png Graphic file (type png)
 <use fgh.png>
Package pdftex.def Info: fgh.png used on input line 573.
(pdftex.def)             Requested size: 258.0pt x 235.90195pt.

Overfull \hbox (6.0pt too wide) in paragraph at lines 573--574
 [][] 
 []

<outputsim.png, id=48, 574.145pt x 524.96124pt>
File: outputsim.png Graphic file (type png)
 <use outputsim.png>
Package pdftex.def Info: outputsim.png used on input line 582.
(pdftex.def)             Requested size: 258.0pt x 235.90195pt.

Overfull \hbox (6.0pt too wide) in paragraph at lines 582--583
 [][] 
 []

[6 <./non_overlap.png> <./sc_layout.png> <./fgh.png> <./outputsim.png>]

** Conference Paper **
Before submitting the final camera ready copy, remember to:

 1. Manually equalize the lengths of two columns on the last page
 of your paper;

 2. Ensure that any PostScript and/or PDF output post-processing
 uses only Type 1 fonts and that every step in the generation
 process uses the appropriate paper size.

[7

] (./bare_conf.aux)

LaTeX Warning: There were multiply-defined labels.

 ) 
Here is how much of TeX's memory you used:
 2278 strings out of 493304
 36541 string characters out of 6139871
 99913 words of memory out of 5000000
 5720 multiletter control sequences out of 15000+600000
 35250 words of font info for 64 fonts, out of 8000000 for 9000
 960 hyphenation exceptions out of 8191
 37i,8n,23p,1075b,238s stack positions out of 5000i,500n,10000p,200000b,80000s
{/usr/share/texlive/texmf-dist/fonts/enc/dvips/base/8r.enc}</usr/share/texliv
e/texmf-dist/fonts/type1/public/amsfonts/cm/cmmi10.pfb></usr/share/texlive/texm
f-dist/fonts/type1/public/amsfonts/cm/cmr10.pfb></usr/share/texlive/texmf-dist/
fonts/type1/public/amsfonts/cm/cmsy7.pfb></usr/share/texlive/texmf-dist/fonts/t
ype1/urw/times/utmb8a.pfb></usr/share/texlive/texmf-dist/fonts/type1/urw/times/
utmbi8a.pfb></usr/share/texlive/texmf-dist/fonts/type1/urw/times/utmr8a.pfb></u
sr/share/texlive/texmf-dist/fonts/type1/urw/times/utmri8a.pfb>
Output written on bare_conf.pdf (7 pages, 606319 bytes).
PDF statistics:
 82 PDF objects out of 1000 (max. 8388607)
 41 compressed objects within 1 object stream
 0 named destinations out of 1000 (max. 500000)
 81 words of extra memory for PDF output out of 10000 (max. 10000000)

