--------------------------------------------------------------------------------
Release 13.2 Trace  (nt64)
Copyright (c) 1995-2011 Xilinx, Inc.  All rights reserved.

C:\Xilinx\13.2\ISE_DS\ISE\bin\nt64\unwrapped\trce.exe -intstyle ise -v 3 -s 4
-n 3 -fastpaths -xml fourbit_addsub.twx fourbit_addsub.ncd -o
fourbit_addsub.twr fourbit_addsub.pcf -ucf fourbit_addsub.ucf

Design file:              fourbit_addsub.ncd
Physical constraint file: fourbit_addsub.pcf
Device,package,speed:     xc3s100e,cp132,-4 (PRODUCTION 1.27 2011-06-20)
Report level:             verbose report

Environment Variable      Effect 
--------------------      ------ 
NONE                      No environment variables were set
--------------------------------------------------------------------------------

INFO:Timing:2698 - No timing constraints found, doing default enumeration.
INFO:Timing:2752 - To get complete path coverage, use the unconstrained paths 
   option. All paths that are not constrained will be reported in the 
   unconstrained paths section(s) of the report.
INFO:Timing:3339 - The clock-to-out numbers in this timing report are based on 
   a 50 Ohm transmission line loading model.  For the details of this model, 
   and for more information on accounting for different loading conditions, 
   please see the device datasheet.
INFO:Timing:3390 - This architecture does not support a default System Jitter 
   value, please add SYSTEM_JITTER constraint to the UCF to modify the Clock 
   Uncertainty calculation.
INFO:Timing:3389 - This architecture does not support 'Discrete Jitter' and 
   'Phase Error' calculations, these terms will be zero in the Clock 
   Uncertainty calculation.  Please make appropriate modification to 
   SYSTEM_JITTER to account for the unsupported Discrete Jitter and Phase 
   Error.



Data Sheet report:
-----------------
All values displayed in nanoseconds (ns)

Pad to Pad
---------------+---------------+---------+
Source Pad     |Destination Pad|  Delay  |
---------------+---------------+---------+
a<0>           |cout           |   11.097|
a<0>           |s<0>           |    7.509|
a<0>           |s<1>           |   10.658|
a<0>           |s<2>           |   10.884|
a<0>           |s<3>           |   11.492|
a<1>           |cout           |    9.965|
a<1>           |s<1>           |    8.383|
a<1>           |s<2>           |    9.752|
a<1>           |s<3>           |   10.360|
a<2>           |cout           |    9.632|
a<2>           |s<2>           |    8.107|
a<2>           |s<3>           |   10.027|
a<3>           |cout           |    8.400|
a<3>           |s<3>           |    8.104|
b<0>           |cout           |    9.713|
b<0>           |s<0>           |    7.939|
b<0>           |s<1>           |    9.274|
b<0>           |s<2>           |    9.500|
b<0>           |s<3>           |   10.108|
b<1>           |cout           |    9.238|
b<1>           |s<1>           |    8.354|
b<1>           |s<2>           |    9.025|
b<1>           |s<3>           |    9.633|
b<2>           |cout           |    8.316|
b<2>           |s<2>           |    8.302|
b<2>           |s<3>           |    8.711|
b<3>           |cout           |    8.826|
b<3>           |s<3>           |    9.045|
sub            |cout           |   11.002|
sub            |s<1>           |   10.563|
sub            |s<2>           |   10.789|
sub            |s<3>           |   11.397|
---------------+---------------+---------+


Analysis completed Fri Oct 02 13:59:56 2015 
--------------------------------------------------------------------------------

Trace Settings:
-------------------------
Trace Settings 

Peak Memory Usage: 135 MB



