Running: fuse.exe -relaunch -intstyle "ise" -incremental -lib "unisims_ver" -lib "unimacro_ver" -lib "xilinxcorelib_ver" -o "C:/Users/colen/Desktop/lab 7/rng/tb3_isim_beh.exe" -prj "C:/Users/colen/Desktop/lab 7/rng/tb3_beh.prj" "work.tb3" "work.glbl" 
ISim P.20131013 (signature 0x7708f090)
Number of CPUs detected in this system: 4
Turning on mult-threading, number of parallel sub-compilation jobs: 8 
Determining compilation order of HDL files
Analyzing Verilog file "C:/Users/colen/Desktop/lab 7/rng/dff.v" into library work
Analyzing Verilog file "C:/Users/colen/Desktop/lab 7/rng/rng.v" into library work
Analyzing Verilog file "C:/Users/colen/Desktop/lab 7/rng/tb3.v" into library work
Analyzing Verilog file "C:/Xilinx/14.7/ISE_DS/ISE//verilog/src/glbl.v" into library work
Starting static elaboration
Completed static elaboration
Compiling module dff
Compiling module rng
Compiling module tb3
Compiling module glbl
Time Resolution for simulation is 1ps.
Waiting for 1 sub-compilation(s) to finish...
Compiled 4 Verilog Units
Built simulation executable C:/Users/colen/Desktop/lab 7/rng/tb3_isim_beh.exe
Fuse Memory Usage: 28076 KB
Fuse CPU Usage: 468 ms
