Questionable use of curly braces in ".print dc delimeter={tab} v(1) i(vi)"
    Error: undefined symbol in: "[tab]"
Circuit: mosfet i-v curve

Error on line 7 : .model cmosn nmos ( level = 3  tox = 1.4e-8 nsub = 1e17 gamma = 0.5483559  phi = 0.7 vto = 0.7640855 delta = 3.0541177  uo = 662.6984452 eta = 3.162045e-6 theta = 0.1013999  kp = 1.259355e-4 vmax = 1.442228e5 kappa = 0.3  rsh = 7.513418e-3 nfs = 1e12 tpg = 1  xj = 3e-7 ld = 1e-13 wd = 2.334779e-7  cgd = 2.15e-10 cgso = 2.15e-10 cgbo = 1e-10  c = 4.258447e-4 pb = 0.914037 mj = 0.435903  cjsw = 3.147465e-10 mjsw = 0.1977689 )
	* Unrecognized parameter "cgd" -- ignored
	* Unrecognized parameter "c" -- ignored
Model "cmosn": Oxide thickness thinner than recommended for a level 3 MOSFET.

Date: Mon Jan 25 16:16:49 2016
Total elapsed time: 0.159 seconds.

tnom = 27
temp = 27
method = trap
totiter = 206
traniter = 0
tranpoints = 0
accept = 0
rejected = 0
matrix size = 4
fillins = 0
solver = Normal
Matrix Compiler1: 118 bytes object code size  0.3/0.2/[0.2]
Matrix Compiler2: 216 bytes object code size  0.3/0.3/[0.2]


